<?xml version="1.0" encoding="UTF-8"?>
<!-- Generated by org.testng.reporters.JUnitXMLReporter -->
<testsuite ignored="0" hostname="Nishant-PC" failures="0" tests="4" name="APITest" time="11.267" errors="0" timestamp="2022-05-25T13:35:28 IST">
  <testcase classname="testcases.APICases" name="validateBadgeByIDResponse" time="5.788"/>
  <testcase classname="testcases.APICases" name="validateBadgeByTagResponse" time="1.967"/>
  <testcase classname="testcases.APICases" name="validateBadgeRecepientByIDResponse" time="1.85"/>
  <testcase classname="testcases.APICases" name="validateInvalidResponse" time="1.648"/>
</testsuite> <!-- APITest -->
