<?xml version="1.0" encoding="UTF-8"?>
<testng-results ignored="0" total="5" passed="5" failed="0" skipped="0">
  <reporter-output>
    <line>
      <![CDATA[Title Validated to Stack Overflow - Where Developers Learn, Share, & Build Careers]]>
    </line>
    <line>
      <![CDATA[Clicked on WebElement - Search Content]]>
    </line>
    <line>
      <![CDATA[Clicked on WebElement - Tags]]>
    </line>
    <line>
      <![CDATA[Title Validated to Tags - Stack Overflow]]>
    </line>
    <line>
      <![CDATA[Clicked on WebElement - Name tab]]>
    </line>
    <line>
      <![CDATA[.htaccess]]>
    </line>
    <line>
      <![CDATA[Response status code validated as 200]]>
    </line>
    <line>
      <![CDATA[Response schema validated.]]>
    </line>
    <line>
      <![CDATA[Extracted data from JSON. Key quota_max. Value:: 300]]>
    </line>
    <line>
      <![CDATA[Response validated using assertStringData.300]]>
    </line>
    <line>
      <![CDATA[Extracted data from JSON. Key quota_remaining. Value:: 281]]>
    </line>
    <line>
      <![CDATA[Response validated using assertBooleanData.true]]>
    </line>
    <line>
      <![CDATA[Response status code validated as 200]]>
    </line>
    <line>
      <![CDATA[Response schema validated.]]>
    </line>
    <line>
      <![CDATA[Response status code validated as 200]]>
    </line>
    <line>
      <![CDATA[Response schema validated.]]>
    </line>
    <line>
      <![CDATA[Extracted data from JSON. Key quota_max. Value:: 300]]>
    </line>
    <line>
      <![CDATA[Response validated using assertStringData.300]]>
    </line>
    <line>
      <![CDATA[Extracted data from JSON. Key quota_remaining. Value:: 279]]>
    </line>
    <line>
      <![CDATA[Response validated using assertBooleanData.true]]>
    </line>
    <line>
      <![CDATA[Response status code validated as 400]]>
    </line>
  </reporter-output>
  <suite started-at="2022-05-25T13:27:39 IST" name="Suite" finished-at="2022-05-25T13:28:07 IST" duration-ms="27546">
    <groups>
    </groups>
    <test started-at="2022-05-25T13:27:39 IST" name="UITest" finished-at="2022-05-25T13:27:56 IST" duration-ms="16426">
      <class name="testcases.UICases">
        <test-method is-config="true" signature="initBeforeNewTest(java.lang.String,java.lang.String)[pri:0, instance:testcases.UICases@2034b64c]" started-at="2022-05-25T13:27:39 IST" name="initBeforeNewTest" finished-at="2022-05-25T13:27:49 IST" duration-ms="10337" status="PASS">
          <params>
            <param index="0">
              <value>
                <![CDATA[chrome]]>
              </value>
            </param>
            <param index="1">
              <value>
                <![CDATA[https://stackoverflow.com/]]>
              </value>
            </param>
          </params>
          <reporter-output>
          </reporter-output>
        </test-method> <!-- initBeforeNewTest -->
        <test-method signature="getTagWithHighestQue()[pri:0, instance:testcases.UICases@2034b64c]" started-at="2022-05-25T13:27:49 IST" name="getTagWithHighestQue" finished-at="2022-05-25T13:27:55 IST" duration-ms="5374" status="PASS">
          <reporter-output>
            <line>
              <![CDATA[Title Validated to Stack Overflow - Where Developers Learn, Share, & Build Careers]]>
            </line>
            <line>
              <![CDATA[Clicked on WebElement - Search Content]]>
            </line>
            <line>
              <![CDATA[Clicked on WebElement - Tags]]>
            </line>
            <line>
              <![CDATA[Title Validated to Tags - Stack Overflow]]>
            </line>
            <line>
              <![CDATA[Clicked on WebElement - Name tab]]>
            </line>
            <line>
              <![CDATA[.htaccess]]>
            </line>
          </reporter-output>
        </test-method> <!-- getTagWithHighestQue -->
        <test-method is-config="true" signature="tearDown()[pri:0, instance:testcases.UICases@2034b64c]" started-at="2022-05-25T13:27:55 IST" name="tearDown" finished-at="2022-05-25T13:27:56 IST" duration-ms="655" status="PASS">
          <reporter-output>
          </reporter-output>
        </test-method> <!-- tearDown -->
      </class> <!-- testcases.UICases -->
    </test> <!-- UITest -->
    <test started-at="2022-05-25T13:27:56 IST" name="APITest" finished-at="2022-05-25T13:28:07 IST" duration-ms="11084">
      <class name="testcases.APICases">
        <test-method is-config="true" signature="intObjVariables()[pri:0, instance:testcases.APICases@247310d0]" started-at="2022-05-25T13:27:39 IST" name="intObjVariables" finished-at="2022-05-25T13:27:39 IST" duration-ms="19" status="PASS">
          <reporter-output>
          </reporter-output>
        </test-method> <!-- intObjVariables -->
        <test-method is-config="true" signature="initBeforeNewTest(java.lang.String,java.lang.String)[pri:0, instance:testcases.APICases@247310d0]" started-at="2022-05-25T13:27:56 IST" name="initBeforeNewTest" finished-at="2022-05-25T13:27:56 IST" duration-ms="1" status="PASS">
          <params>
            <param index="0">
              <value>
                <![CDATA[API]]>
              </value>
            </param>
            <param index="1">
              <value>
                <![CDATA[https://api.stackexchange.com/2.3/badges/]]>
              </value>
            </param>
          </params>
          <reporter-output>
          </reporter-output>
        </test-method> <!-- initBeforeNewTest -->
        <test-method signature="validateBadgeByIDResponse()[pri:0, instance:testcases.APICases@247310d0]" started-at="2022-05-25T13:27:56 IST" name="validateBadgeByIDResponse" finished-at="2022-05-25T13:28:01 IST" duration-ms="5480" status="PASS">
          <reporter-output>
            <line>
              <![CDATA[Response status code validated as 200]]>
            </line>
            <line>
              <![CDATA[Response schema validated.]]>
            </line>
            <line>
              <![CDATA[Extracted data from JSON. Key quota_max. Value:: 300]]>
            </line>
            <line>
              <![CDATA[Response validated using assertStringData.300]]>
            </line>
            <line>
              <![CDATA[Extracted data from JSON. Key quota_remaining. Value:: 281]]>
            </line>
            <line>
              <![CDATA[Response validated using assertBooleanData.true]]>
            </line>
          </reporter-output>
        </test-method> <!-- validateBadgeByIDResponse -->
        <test-method is-config="true" signature="tearDown()[pri:0, instance:testcases.APICases@247310d0]" started-at="2022-05-25T13:28:01 IST" name="tearDown" finished-at="2022-05-25T13:28:01 IST" duration-ms="1" status="PASS">
          <reporter-output>
          </reporter-output>
        </test-method> <!-- tearDown -->
        <test-method is-config="true" signature="initBeforeNewTest(java.lang.String,java.lang.String)[pri:0, instance:testcases.APICases@247310d0]" started-at="2022-05-25T13:28:01 IST" name="initBeforeNewTest" finished-at="2022-05-25T13:28:01 IST" duration-ms="1" status="PASS">
          <params>
            <param index="0">
              <value>
                <![CDATA[API]]>
              </value>
            </param>
            <param index="1">
              <value>
                <![CDATA[https://api.stackexchange.com/2.3/badges/]]>
              </value>
            </param>
          </params>
          <reporter-output>
          </reporter-output>
        </test-method> <!-- initBeforeNewTest -->
        <test-method signature="validateBadgeByTagResponse()[pri:0, instance:testcases.APICases@247310d0]" started-at="2022-05-25T13:28:01 IST" name="validateBadgeByTagResponse" finished-at="2022-05-25T13:28:03 IST" duration-ms="2278" status="PASS">
          <reporter-output>
            <line>
              <![CDATA[Response status code validated as 200]]>
            </line>
            <line>
              <![CDATA[Response schema validated.]]>
            </line>
          </reporter-output>
        </test-method> <!-- validateBadgeByTagResponse -->
        <test-method is-config="true" signature="tearDown()[pri:0, instance:testcases.APICases@247310d0]" started-at="2022-05-25T13:28:03 IST" name="tearDown" finished-at="2022-05-25T13:28:03 IST" duration-ms="1" status="PASS">
          <reporter-output>
          </reporter-output>
        </test-method> <!-- tearDown -->
        <test-method is-config="true" signature="initBeforeNewTest(java.lang.String,java.lang.String)[pri:0, instance:testcases.APICases@247310d0]" started-at="2022-05-25T13:28:03 IST" name="initBeforeNewTest" finished-at="2022-05-25T13:28:03 IST" duration-ms="1" status="PASS">
          <params>
            <param index="0">
              <value>
                <![CDATA[API]]>
              </value>
            </param>
            <param index="1">
              <value>
                <![CDATA[https://api.stackexchange.com/2.3/badges/]]>
              </value>
            </param>
          </params>
          <reporter-output>
          </reporter-output>
        </test-method> <!-- initBeforeNewTest -->
        <test-method signature="validateBadgeRecepientByIDResponse()[pri:0, instance:testcases.APICases@247310d0]" started-at="2022-05-25T13:28:03 IST" name="validateBadgeRecepientByIDResponse" finished-at="2022-05-25T13:28:05 IST" duration-ms="1753" status="PASS">
          <reporter-output>
            <line>
              <![CDATA[Response status code validated as 200]]>
            </line>
            <line>
              <![CDATA[Response schema validated.]]>
            </line>
            <line>
              <![CDATA[Extracted data from JSON. Key quota_max. Value:: 300]]>
            </line>
            <line>
              <![CDATA[Response validated using assertStringData.300]]>
            </line>
            <line>
              <![CDATA[Extracted data from JSON. Key quota_remaining. Value:: 279]]>
            </line>
            <line>
              <![CDATA[Response validated using assertBooleanData.true]]>
            </line>
          </reporter-output>
        </test-method> <!-- validateBadgeRecepientByIDResponse -->
        <test-method is-config="true" signature="tearDown()[pri:0, instance:testcases.APICases@247310d0]" started-at="2022-05-25T13:28:05 IST" name="tearDown" finished-at="2022-05-25T13:28:05 IST" duration-ms="1" status="PASS">
          <reporter-output>
          </reporter-output>
        </test-method> <!-- tearDown -->
        <test-method is-config="true" signature="initBeforeNewTest(java.lang.String,java.lang.String)[pri:0, instance:testcases.APICases@247310d0]" started-at="2022-05-25T13:28:05 IST" name="initBeforeNewTest" finished-at="2022-05-25T13:28:05 IST" duration-ms="1" status="PASS">
          <params>
            <param index="0">
              <value>
                <![CDATA[API]]>
              </value>
            </param>
            <param index="1">
              <value>
                <![CDATA[https://api.stackexchange.com/2.3/badges/]]>
              </value>
            </param>
          </params>
          <reporter-output>
          </reporter-output>
        </test-method> <!-- initBeforeNewTest -->
        <test-method signature="validateInvalidResponse()[pri:0, instance:testcases.APICases@247310d0]" started-at="2022-05-25T13:28:05 IST" name="validateInvalidResponse" finished-at="2022-05-25T13:28:07 IST" duration-ms="1544" status="PASS">
          <reporter-output>
            <line>
              <![CDATA[Response status code validated as 400]]>
            </line>
          </reporter-output>
        </test-method> <!-- validateInvalidResponse -->
        <test-method is-config="true" signature="tearDown()[pri:0, instance:testcases.APICases@247310d0]" started-at="2022-05-25T13:28:07 IST" name="tearDown" finished-at="2022-05-25T13:28:07 IST" duration-ms="1" status="PASS">
          <reporter-output>
          </reporter-output>
        </test-method> <!-- tearDown -->
      </class> <!-- testcases.APICases -->
    </test> <!-- APITest -->
  </suite> <!-- Suite -->
</testng-results>
