<?xml version="1.0" encoding="UTF-8"?>
<!-- Generated by org.testng.reporters.JUnitXMLReporter -->
<testsuite ignored="0" hostname="Nishant-PC" failures="0" tests="4" name="APITest" time="11.084" errors="0" timestamp="2022-05-25T13:28:07 IST">
  <testcase classname="testcases.APICases" name="validateBadgeByIDResponse" time="5.48"/>
  <testcase classname="testcases.APICases" name="validateBadgeByTagResponse" time="2.278"/>
  <testcase classname="testcases.APICases" name="validateBadgeRecepientByIDResponse" time="1.753"/>
  <testcase classname="testcases.APICases" name="validateInvalidResponse" time="1.544"/>
</testsuite> <!-- APITest -->
